<?xml version="1.0" encoding="UTF-8"?>
<!-- Generated by org.testng.reporters.JUnitReportReporter -->
<testsuite hostname="MUM-45XF833" failures="0" tests="1" name="week3Day2.AddAttachment" time="2.115" errors="0" timestamp="2022-01-27T11:44:26 IST" skipped="0">
  <testcase classname="week3Day2.AddAttachment" name="addAttachmenttoanIssue" time="2.115"/>
  <system-out/>
</testsuite> <!-- week3Day2.AddAttachment -->
