<?xml version="1.0" encoding="UTF-8"?>
<!-- Generated by org.testng.reporters.JUnitReportReporter -->
<testsuite hostname="MUM-45XF833" failures="0" tests="1" name="week3Day2.GetAllIssues" time="0.861" errors="0" timestamp="2022-01-27T10:59:35 IST" skipped="0">
  <testcase classname="week3Day2.GetAllIssues" name="getIssues" time="0.861"/>
  <system-out/>
</testsuite> <!-- week3Day2.GetAllIssues -->
