<?xml version="1.0" encoding="UTF-8"?>
<!-- Generated by org.testng.reporters.JUnitReportReporter -->
<testsuite hostname="MUM-45XF833" failures="0" tests="1" name="week3Day2.UpdateIssue" time="1.027" errors="0" timestamp="2022-01-21T17:35:01 IST" skipped="0">
  <testcase classname="week3Day2.UpdateIssue" name="updateJiraIssue" time="1.027"/>
  <system-out/>
</testsuite> <!-- week3Day2.UpdateIssue -->
