<?xml version="1.0" encoding="UTF-8"?>
<!-- Generated by org.testng.reporters.JUnitReportReporter -->
<testsuite hostname="MUM-45XF833" failures="0" tests="2" name="week3Day2.CreateIssue" time="2.813" errors="0" timestamp="2022-01-27T11:40:25 IST" skipped="0">
  <testcase classname="week3Day2.CreateIssue" name="createJIRAIssue" time="0.769"/>
  <system-out/>
  <testcase classname="week3Day2.CreateIssue" name="createJIRAIssue" time="2.044"/>
  <system-out/>
</testsuite> <!-- week3Day2.CreateIssue -->
